C51 COMPILER V9.56.0.0   MAIN                                                              01/19/2019 19:49:41 PAGE 1   


C51 COMPILER V9.56.0.0, COMPILATION OF MODULE MAIN
OBJECT MODULE PLACED IN main.OBJ
COMPILER INVOKED BY: F:\soft_for_study\MDK5\C51\BIN\C51.EXE main.c OPTIMIZE(8,SPEED) BROWSE DEBUG OBJECTEXTEND TABS(2)

line level    source

*** WARNING C500 IN LINE 1 OF main.c: LICENSE ERROR (R207(3): REGISTRY READ ERROR)

   1          /**********************************************************************
   2          * 名称 : 毕业设计 自行车里程速度计
   3          * 功能 : （1）亮度不够且有人靠近时台灯自动亮；
   4                   （2）靠的太近会提醒坐姿不正（蜂鸣器）
   5                   （3）附近无人时台灯自动熄灭（30秒）  时间可调
   6                   （4）根据环境亮度调节等亮度
   7               （5）设定学习时间
   8          
   9          * 作者 : 3113001927   吴梓
  10          * 日期 : 2017年 3月 12日
  11          
  12          * 备注 ：
  13          
  14          ***********************************************************************/
  15          
  16          //头函数
  17          #include <reg52.h>                                                   
  18          #include <ADC0809.H>
  19          
  20          //宏定义
  21          #define uint unsigned int
  22          #define uchar unsigned char
  23          #define DUAN P0         //数码管段位
  24          
  25                                                                
  26          unsigned char code tab[]={0xa0,0xbb,0x62,0x2a,0x39,0x2c,0x24,0xba,0x20,0x28,0xff};       //0-9的显示码表  
             -    gc.debfa   
  27          unsigned char code tab_dian[]={0x80,0x9b,0x42,0x0a,0x19,0x0c,0x04,0x9a,0x00,0x08,0xdf};  //带点0-9的显示码
             -表     
  28          uchar pdata tt[51];       //定义空数组用于AD0809取平均值
  29          
  30          uchar scale=20,rsd_sec;   //定义占空比比例，热释电计时秒变量
  31          char min,sec;       //定义计时分秒
  32          
  33          //位定义
  34          bit bdata flag_auto,    //自动切换标志位
  35                    ss,       //闪烁标志位
  36                flag_bs,      //报警位标志位
  37                flag_rsd,     //热释电动作标志位
  38                flag_jiejin=1;    //接近传感器标志位
  39          
  40          uchar flag_set=0;     //设置变量：0 正常  1 调分  2 调秒
  41          uchar lum;          //ad0809读出值
  42          
  43          //函数声明
  44          void delay(uchar i);
  45          
  46          //管脚声明
  47          sbit LED = P3^4;  //PWM输出
  48          sbit change= P2^3;  //自动模式切换按键
  49          sbit set = P2^2;  //设置按键
  50          sbit add = P2^1;  //加按键
  51          sbit sub = P2^0;  //减按键
  52          sbit rsd = P3^6;    //热释电
C51 COMPILER V9.56.0.0   MAIN                                                              01/19/2019 19:49:41 PAGE 2   

  53          sbit jiejin=P3^5;   //接近开关
  54          sbit buzz=P3^7;
  55          
  56          sbit W0=P2^7;   //数码管位端
  57          sbit W1=P2^6;
  58          sbit W2=P2^5;
  59          sbit W3=P2^4;
  60          
  61          /**********************************************************************
  62          * 名称 : display();
  63          * 功能 : 数码管显示
  64          * 输入 : 无
  65          * 输出 : 无
  66          ***********************************************************************/    
  67          void display()
  68          {
  69   1        if(flag_set==0)        //正常模式下
  70   1        {
  71   2          DUAN=tab[min/10];    //送入段码，秒数高位
  72   2          W0=0;          //打开位地址
  73   2          delay(1);        //小延时
  74   2          W0=1;          //关闭位地址
  75   2          DUAN=tab_dian[min%10]; //送入段码，秒数低位
  76   2          W1=0;
  77   2          delay(1);
  78   2          W1=1;
  79   2          DUAN=tab[sec/10];    //送入段码，分钟数高位
  80   2          W2=0;
  81   2          delay(1);
  82   2          W2=1;
  83   2          DUAN=tab[sec%10];    //送入段码，分钟数高位
  84   2          W3=0;
  85   2          delay(1);
  86   2          W3=1;
  87   2        }
  88   1        else if(flag_set==1)     //设置模式下闪烁相应位
  89   1        {
  90   2          if(ss==1)        //闪烁标志  ss=1 正常显示
  91   2          {
  92   3            DUAN=~tab[min/10];
  93   3            W0=0;
  94   3            delay(1);
  95   3            W0=1;
  96   3            DUAN=~tab_dian[min%10];
  97   3            W1=0;
  98   3            delay(1);
  99   3            W1=1;
 100   3          }
 101   2          else           //闪烁标志  ss=0 熄灭相应位 达到闪烁效果  ss在定时器里500ms取反一次
 102   2          {
 103   3            DUAN=~tab[10];     //
 104   3            W0=0;
 105   3            delay(1);
 106   3            W0=1;
 107   3            DUAN=~tab_dian[10];
 108   3            W1=0;
 109   3            delay(1);
 110   3            W1=1;
 111   3          }
 112   2          DUAN=~tab[sec/10];
 113   2          W2=0;
 114   2          delay(1);
C51 COMPILER V9.56.0.0   MAIN                                                              01/19/2019 19:49:41 PAGE 3   

 115   2          W2=1;
 116   2          DUAN=~tab[sec%10];
 117   2          W3=0;
 118   2          delay(1);
 119   2          W3=1;
 120   2        }
 121   1        else
 122   1        {
 123   2          
 124   2          DUAN=~tab[min/10];
 125   2          W0=0;
 126   2          delay(1);
 127   2          W0=1;
 128   2          DUAN=~tab_dian[min%10];
 129   2          W1=0;
 130   2          delay(1);
 131   2          W1=1;
 132   2          if(ss==1)
 133   2          {
 134   3            DUAN=~tab[sec/10];
 135   3            W2=0;
 136   3            delay(1);
 137   3            W2=1;
 138   3            DUAN=~tab[sec%10];
 139   3            W3=0;
 140   3            delay(1);
 141   3            W3=1;
 142   3          }
 143   2          else
 144   2          {
 145   3            DUAN=~tab[10];
 146   3            W2=0;
 147   3            delay(1);
 148   3            W2=1;
 149   3            DUAN=~tab[10];
 150   3            W3=0;
 151   3            delay(1);
 152   3            W3=1;
 153   3          }
 154   2        }
 155   1      }
 156          
 157          /**********************************************************************
 158          * 名称 : KEY();
 159          * 功能 : 按键控制
 160          * 输入 : 无
 161          * 输出 : 无
 162          ***********************************************************************/
 163          void KEY()
 164          {
 165   1        uint lum_mean,lum_all;
 166   1        uchar b,c;
 167   1        if(change==0)         //自动切换按键按下
 168   1        {
 169   2          delay(10);          //去抖
 170   2          if(change==0)       //再次判断按键按下
 171   2          {
 172   3            buzz=0;         //蜂鸣器鸣响
 173   3            flag_auto=!flag_auto; //自动模式标志位取反
 174   3            if(flag_auto==1)    //当切换到手动模式时  首先将LED发光比例PWM设置在50%
 175   3            scale=20;
 176   3            
C51 COMPILER V9.56.0.0   MAIN                                                              01/19/2019 19:49:41 PAGE 4   

 177   3          }
 178   2          while(!change) display();buzz=1; //等待按键释放  松开按键后关闭蜂鸣器、刷新显示
 179   2        }
 180   1        if(jiejin==0&&flag_jiejin==1) //接近传感器检测到障碍时  开启报警
 181   1        {
 182   2          buzz=0;
 183   2          flag_jiejin=0;
 184   2        }
 185   1        if(jiejin!=flag_jiejin)       //接近传感器检测不到障碍时  关闭报警
 186   1        {
 187   2          buzz=1;
 188   2          flag_jiejin=1;
 189   2        }
 190   1        if(set==0)              //设置键按下时
 191   1        {
 192   2          delay(10);
 193   2          if(set==0)
 194   2          {
 195   3            buzz=0;
 196   3            flag_set++;       //设置变量++
 197   3            if(flag_set==3)     //加到3时回复回正常模式
 198   3            flag_set=0;
 199   3            flag_bs=0;        //按下设置 关闭报警
 200   3            
 201   3          }
 202   2          while(!set) display(); buzz=1;//等待按键释放  松开按键后关闭蜂鸣器、刷新显示
 203   2        }
 204   1        if(flag_set==1)           //加键按键只有在设置状态（flag_set!=0）时按下才有效   调分
 205   1        {                
 206   2          if(add==0)            //加按键按下时
 207   2          {
 208   3            delay(10);          //消抖
 209   3            if(add==0)
 210   3            {
 211   4              buzz=0;         //蜂鸣器响
 212   4              min++;          //分++
 213   4              if(min>=60)
 214   4              min=0;
 215   4              
 216   4            }
 217   3            while(!add) display(); buzz=1;   //等待按键释放  松开按键后关闭蜂鸣器、刷新显示
 218   3          }
 219   2          if(sub==0)            //减按键按下时
 220   2          {
 221   3            delay(10);          //消抖
 222   3            if(sub==0)
 223   3            {
 224   4              buzz=0;         //蜂鸣器响
 225   4              min--;          //分--
 226   4              if(min>0)
 227   4              min=59;
 228   4              
 229   4            }
 230   3            while(!sub) display(); buzz=1;   //等待按键释放  松开按键后关闭蜂鸣器、刷新显示
 231   3          }
 232   2        }
 233   1        if(flag_set==2)         //调秒
 234   1        {               
 235   2          if(add==0)          //加键按下
 236   2          {           
 237   3            delay(10);        //消抖
 238   3            if(add==0)
C51 COMPILER V9.56.0.0   MAIN                                                              01/19/2019 19:49:41 PAGE 5   

 239   3            {
 240   4              buzz=0;       //蜂鸣器响
 241   4              sec++;        //秒++
 242   4              if(sec>=60)
 243   4              sec=0;
 244   4              
 245   4            }
 246   3            while(!add) display(); buzz=1;    //等待按键释放  松开按键后关闭蜂鸣器、刷新显示
 247   3          }
 248   2          if(sub==0)           //减键按下
 249   2          {
 250   3            delay(10);
 251   3            if(sub==0)         //消抖
 252   3            {
 253   4              buzz=0;        //蜂鸣器响
 254   4              sec--;         //秒--
 255   4              if(sec<0)
 256   4              sec=59;
 257   4              
 258   4            }
 259   3            while(!sub) display();  buzz=1;   //等待按键释放  松开按键后关闭蜂鸣器、刷新显示
 260   3          }
 261   2          while(!sub);
 262   2        }
 263   1          
 264   1        if(flag_auto==0)          //自动模式
 265   1        {
 266   2          if(flag_rsd==1)         //且有人在范围内时  环境发光强度控制灯光变化
 267   2          {
 268   3            for(b=0;b<49;b++)       //将空数组tt[]内数值整体左移一位
 269   3            {
 270   4              tt[b]=tt[b+1];      //将后一数值放到前一位置
 271   4            }
 272   3            tt[49]=ADC0809();     //将读出的ad0809数值放入tt[49]
 273   3            for(c=0;c<50;c++)     //将tt[]内数值相加
 274   3            {
 275   4              lum_all=lum_all+tt[c];
 276   4            }
 277   3            lum_mean=lum_all/50;    //将总数/50取出平均值
 278   3      //      lum_all=0;          //将总数清零
 279   3              
 280   3            if(lum_mean<=30) scale=1;        //判断取出平均值大小  小于30  发光强度0%
 281   3            else if(lum_mean>=150) scale=41;     //大于150  发光强度100%
 282   3            else scale=((lum_mean-30)/3)+1;      //其他值时将其计算得到发光强度 （计算目的是为了得到一个1-41之间的数
             -值 控制灯光变化）
 283   3          }
 284   2          else
 285   2          scale=1;           //没有人在范围内时 将灯光亮度调至0%
 286   2        }
 287   1        else                 //手动模式下
 288   1        {
 289   2          if(flag_set==0)        //正常模式下
 290   2          {
 291   3            if(add==0)         //加键按下
 292   3            {
 293   4              delay(10);
 294   4              if(add==0)
 295   4              {
 296   5              //  buzz=0;           //蜂鸣器响
 297   5                scale++;      //灯光比例++
 298   5                if(scale>=41)
 299   5                scale=41;
C51 COMPILER V9.56.0.0   MAIN                                                              01/19/2019 19:49:41 PAGE 6   

 300   5                display();
 301   5              }
 302   4            //  while(!add) display();  buzz=1;
 303   4            }
 304   3            if(sub==0)          //减键按下时
 305   3            {
 306   4              delay(10);
 307   4              if(sub==0)
 308   4              {
 309   5              //  buzz=0;        //蜂鸣器响
 310   5                scale--;       //灯光比例--
 311   5                if(scale>1)
 312   5                scale=1;
 313   5                display();
 314   5              }
 315   4          //    while(!sub) display(); buzz=1;
 316   4            }
 317   3          }
 318   2        }
 319   1      }
 320          
 321          /**********************************************************************
 322          * 名称 : init();
 323          * 功能 : 初始化定时器
 324          * 输入 : 无
 325          * 输出 : 无
 326          ***********************************************************************/
 327          
 328          void init()
 329          {
 330   1        TMOD=0x11;     //工作方式1
 331   1        TH1=0x3c;
 332   1        TL1=0xb0;    //T1赋初值50ms
 333   1        TH0=0xff;
 334   1        TL0=0xe7;    //T0赋初值25us   
 335   1        ET0=1;
 336   1        ET1=1;       //打开中断允许开关
 337   1        EA=1;      //中断总开关
 338   1        TR0=1;       //开定时器0 开关
 339   1        TR1=0;       //关定时器0 开关
 340   1      }
 341          
 342          /**********************************************************************
 343          * 名称 : main();
 344          * 功能 : 主函数
 345          * 输入 : 无
 346          * 输出 : 无
 347          ***********************************************************************/
 348          void main()
 349          {
 350   1        init();     //调用初始化函数
 351   1        flag_auto=1;  //初始化手动模式
 352   1        rsd=0;      //热释电引脚置低（有信号时时高电平）
 353   1        delay(500);   //延时500ms后开机
 354   1      
 355   1        while(1)    //大循环
 356   1        {
 357   2          KEY();     //调用按键函数
 358   2          display();   //调用显示函数
 359   2        }
 360   1      }
 361          
C51 COMPILER V9.56.0.0   MAIN                                                              01/19/2019 19:49:41 PAGE 7   

 362          /**********************************************************************
 363          * 名称 : delay();
 364          * 功能 : 延时函数：大约1ms
 365          * 输入 : 无
 366          * 输出 : 无
 367          ***********************************************************************/
 368          void delay(uchar i)
 369          {
 370   1        uchar j,k; 
 371   1        for(j=i;j>0;j--)
 372   1          for(k=125;k>0;k--);
 373   1      }
 374          
 375          /**********************************************************************
 376          * 名称 : void time0() interrupt 1
 377          * 功能 : 定时器T0 中断服务函数：PWM脉冲发生函数
 378          * 输入 : 无
 379          * 输出 : 无
 380          ***********************************************************************/
 381          void time0() interrupt 1
 382          {
 383   1        uchar n;
 384   1        TH0=0xff;
 385   1        TL0=0xe7;    //重新赋初值
 386   1        n++;       //每25us  n++
 387   1        if(n>scale)    //n<设置比例时，打开灯
 388   1        {
 389   2          LED=1;
 390   2        }
 391   1        else if(n<=scale)//n大于等于设置比例时 关闭灯
 392   1        {
 393   2          LED=0;
 394   2        }
 395   1        if(n==40)    //n==40  ：25us*40=1ms   1kHZ
 396   1        {
 397   2          n=0;     //n=0
 398   2        }
 399   1        else ;  
 400   1      }
 401          
 402          /**********************************************************************
 403          * 名称 : void time1() interrupt 3
 404          * 功能 : 定时器T1 中断服务函数：计时和闪烁控制    红外热释
 405          * 输入 : 无
 406          * 输出 : 无
 407          ***********************************************************************/
 408          void time1() interrupt 3
 409          {
 410   1        uchar m;
 411   1        TH1=0x3c;
 412   1        TL1=0xb0;    //重新赋初值
 413   1        m++;       //50ms  m++
 414   1        if((m==10||m==20)&&flag_set!=0)   //每过500ms  并且 在设置状态时 
 415   1        {
 416   2          ss=!ss;             //闪烁变量取反
 417   2        }
 418   1        if(m==20)             //到达1s时
 419   1        {
 420   2          m=0;              //m=0
 421   2          if(rsd==0)            //热释电无信号时
 422   2          rsd_sec++;            //热释电计时秒++
 423   2          if(rsd_sec<=30&&rsd==1)     //热释电计时秒小于等于30 并且 热释电有信号时
C51 COMPILER V9.56.0.0   MAIN                                                              01/19/2019 19:49:41 PAGE 8   

 424   2          {
 425   3            rsd_sec=0;          //将热释电秒清零
 426   3            flag_rsd=1;         //标志位置1 控制AD0809采集数值 调节灯光亮度
 427   3          }
 428   2          else if(rsd_sec>30&&rsd==0)   //热释电计时秒大于30 并且 热释电无信号时
 429   2          {
 430   3            flag_rsd=0;         //标志位置0 停止ad0809转换 关闭灯光
 431   3            rsd_sec=0;          //热释电计时秒清零
 432   3          }
 433   2          if(flag_set==0&&flag_bs==0&&((min+sec)!=0))    //正常模式下&&未报警&&定时时间不为零时
 434   2          {
 435   3            sec--;
 436   3            if(sec<0)                  //定时秒--  小于0时
 437   3            {
 438   4              sec=59;                  //复位到59秒
 439   4              min--;                   //分--
 440   4            }
 441   3            if(min<=0&&sec==0)               //分和秒都减到零时
 442   3            {
 443   4              min=0;
 444   4              flag_bs=1;
 445   4              buzz=0;                  //蜂鸣器报警提示时间到
 446   4            }
 447   3          }
 448   2      //    else buzz=1;  
 449   2        } 
 450   1      }


MODULE INFORMATION:   STATIC OVERLAYABLE
   CODE SIZE        =   1161    ----
   CONSTANT SIZE    =     22    ----
   XDATA SIZE       =   ----    ----
   PDATA SIZE       =     51    ----
   DATA SIZE        =      6       4
   IDATA SIZE       =   ----    ----
   BIT SIZE         =      5    ----
END OF MODULE INFORMATION.


C51 COMPILATION COMPLETE.  1 WARNING(S),  0 ERROR(S)
